<?xml version="1.0" encoding="UTF-8"?>
<!-- Generated by org.testng.reporters.JUnitReportReporter -->
<testsuite skipped="0" hostname="DESKTOP-A6N9SAN" name="basicAnnotations.TestNGFirstClass" tests="3" failures="0" timestamp="08 Aug 2020 06:17:01 GMT" time="0.019" errors="0">
  <testcase name="test1" time="0.011" classname="basicAnnotations.TestNGFirstClass"/>
  <testcase name="test2" time="0.005" classname="basicAnnotations.TestNGFirstClass"/>
  <testcase name="test3" time="0.003" classname="basicAnnotations.TestNGFirstClass"/>
</testsuite> <!-- basicAnnotations.TestNGFirstClass -->
