<?xml version="1.0" encoding="UTF-8"?>
<!-- Generated by org.testng.reporters.JUnitReportReporter -->
<testsuite skipped="0" hostname="DESKTOP-A6N9SAN" name="basicAnnotations.TestNgClass4" tests="2" failures="0" timestamp="14 Aug 2020 10:56:00 GMT" time="0.008" errors="0">
  <testcase name="test1" time="0.004" classname="basicAnnotations.TestNgClass4"/>
  <testcase name="test2" time="0.004" classname="basicAnnotations.TestNgClass4"/>
</testsuite> <!-- basicAnnotations.TestNgClass4 -->
