<?xml version="1.0" encoding="UTF-8"?>
<!-- Generated by org.testng.reporters.JUnitReportReporter -->
<testsuite skipped="0" hostname="DESKTOP-A6N9SAN" name="basicAnnotations.TestNGFirstClass" tests="3" failures="0" timestamp="14 Aug 2020 10:56:00 GMT" time="0.009" errors="0">
  <testcase name="test3" time="0.004" classname="basicAnnotations.TestNGFirstClass"/>
  <testcase name="test2" time="0.001" classname="basicAnnotations.TestNGFirstClass"/>
  <testcase name="test1" time="0.004" classname="basicAnnotations.TestNGFirstClass"/>
</testsuite> <!-- basicAnnotations.TestNGFirstClass -->
