<?xml version="1.0" encoding="UTF-8"?>
<!-- Generated by org.testng.reporters.JUnitReportReporter -->
<testsuite skipped="0" hostname="DESKTOP-A6N9SAN" name="EnterProductDataSample.ValidationSample" tests="1" failures="0" timestamp="12 Aug 2020 15:10:17 GMT" time="1.043" errors="0">
  <testcase name="hobbiesSelection" time="1.043" classname="EnterProductDataSample.ValidationSample"/>
</testsuite> <!-- EnterProductDataSample.ValidationSample -->
