<?xml version="1.0" encoding="UTF-8"?>
<!-- Generated by org.testng.reporters.JUnitReportReporter -->
<testsuite skipped="0" hostname="DESKTOP-A6N9SAN" name="testScripts.HomePage.HomePage" tests="6" failures="0" timestamp="13 Aug 2020 07:50:28 GMT" time="4.752" errors="0">
  <testcase name="verifyIsTruckVisible" time="0.029" classname="testScripts.HomePage.HomePage"/>
  <testcase name="verifyIsAutomobileVisible" time="0.046" classname="testScripts.HomePage.HomePage"/>
  <testcase name="verifyIsCamperVisible" time="0.025" classname="testScripts.HomePage.HomePage"/>
  <testcase name="verifyIsMotorCycleVisible" time="0.026" classname="testScripts.HomePage.HomePage"/>
  <testcase name="verifyIsAutobileClickable" time="2.985" classname="testScripts.HomePage.HomePage"/>
  <testcase name="verifyIsTruckClickable" time="1.641" classname="testScripts.HomePage.HomePage"/>
</testsuite> <!-- testScripts.HomePage.HomePage -->
