<?xml version="1.0" encoding="UTF-8"?>
<!-- Generated by org.testng.reporters.JUnitReportReporter -->
<testsuite skipped="0" hostname="DESKTOP-A6N9SAN" name="testScripts.HomePage.HomePage" tests="6" failures="0" timestamp="09 Aug 2020 07:43:25 GMT" time="4.627" errors="0">
  <testcase name="verifyIsTruckVisible" time="0.023" classname="testScripts.HomePage.HomePage"/>
  <testcase name="verifyIsAutomobileVisible" time="0.031" classname="testScripts.HomePage.HomePage"/>
  <testcase name="verifyIsCamperVisible" time="0.020" classname="testScripts.HomePage.HomePage"/>
  <testcase name="verifyIsMotorCycleVisible" time="0.021" classname="testScripts.HomePage.HomePage"/>
  <testcase name="verifyIsAutobileClickable" time="2.706" classname="testScripts.HomePage.HomePage"/>
  <testcase name="verifyIsTruckClickable" time="1.826" classname="testScripts.HomePage.HomePage"/>
</testsuite> <!-- testScripts.HomePage.HomePage -->
