<?xml version="1.0" encoding="UTF-8"?>
<!-- Generated by org.testng.reporters.JUnitReportReporter -->
<testsuite skipped="0" hostname="DESKTOP-A6N9SAN" name="testScripts.HomePage.HomePage" tests="6" failures="0" timestamp="13 Aug 2020 07:54:38 GMT" time="4.615" errors="0">
  <testcase name="verifyIsTruckVisible" time="0.017" classname="testScripts.HomePage.HomePage"/>
  <testcase name="verifyIsAutomobileVisible" time="0.028" classname="testScripts.HomePage.HomePage"/>
  <testcase name="verifyIsCamperVisible" time="0.019" classname="testScripts.HomePage.HomePage"/>
  <testcase name="verifyIsMotorCycleVisible" time="0.016" classname="testScripts.HomePage.HomePage"/>
  <testcase name="verifyIsAutobileClickable" time="3.249" classname="testScripts.HomePage.HomePage"/>
  <testcase name="verifyIsTruckClickable" time="1.286" classname="testScripts.HomePage.HomePage"/>
</testsuite> <!-- testScripts.HomePage.HomePage -->
