<?xml version="1.0" encoding="UTF-8"?>
<!-- Generated by org.testng.reporters.JUnitReportReporter -->
<testsuite skipped="0" hostname="DESKTOP-A6N9SAN" name="testScripts.HomePage.HomePage" tests="6" failures="0" timestamp="13 Aug 2020 07:43:19 GMT" time="5.702" errors="0">
  <testcase name="verifyIsTruckVisible" time="0.024" classname="testScripts.HomePage.HomePage"/>
  <testcase name="verifyIsAutomobileVisible" time="0.056" classname="testScripts.HomePage.HomePage"/>
  <testcase name="verifyIsCamperVisible" time="0.016" classname="testScripts.HomePage.HomePage"/>
  <testcase name="verifyIsMotorCycleVisible" time="0.024" classname="testScripts.HomePage.HomePage"/>
  <testcase name="verifyIsAutobileClickable" time="3.933" classname="testScripts.HomePage.HomePage"/>
  <testcase name="verifyIsTruckClickable" time="1.649" classname="testScripts.HomePage.HomePage"/>
</testsuite> <!-- testScripts.HomePage.HomePage -->
