<?xml version="1.0" encoding="UTF-8"?>
<!-- Generated by org.testng.reporters.JUnitReportReporter -->
<testsuite skipped="0" hostname="DESKTOP-A6N9SAN" name="testNgAtrributes.TestNGParameters" tests="1" failures="0" timestamp="08 Aug 2020 07:27:28 GMT" time="0.013" errors="0">
  <testcase name="launchBrowser" time="0.013" classname="testNgAtrributes.TestNGParameters"/>
</testsuite> <!-- testNgAtrributes.TestNGParameters -->
