<?xml version="1.0" encoding="UTF-8"?>
<!-- Generated by org.testng.reporters.JUnitReportReporter -->
<testsuite skipped="0" hostname="DESKTOP-A6N9SAN" name="testNgAtrributes.TestNGDataProvider" tests="3" failures="0" timestamp="08 Aug 2020 07:14:18 GMT" time="0.017" errors="0">
  <testcase name="login" time="0.003" classname="testNgAtrributes.TestNGDataProvider"/>
  <testcase name="login" time="0.001" classname="testNgAtrributes.TestNGDataProvider"/>
  <testcase name="login" time="0.013" classname="testNgAtrributes.TestNGDataProvider"/>
</testsuite> <!-- testNgAtrributes.TestNGDataProvider -->
