<?xml version="1.0" encoding="UTF-8"?>
<!-- Generated by org.testng.reporters.JUnitReportReporter -->
<testsuite skipped="0" hostname="DESKTOP-A6N9SAN" name="samplePackage.Testing" tests="2" failures="0" timestamp="15 Aug 2020 05:47:15 GMT" time="58.174" errors="0">
  <testcase name="test2" time="58.139" classname="samplePackage.Testing"/>
  <testcase name="test1" time="0.035" classname="samplePackage.Testing"/>
</testsuite> <!-- samplePackage.Testing -->
